<?xml version="1.0" encoding="UTF-8"?>
<!-- Generated by org.testng.reporters.JUnitXMLReporter -->
<testsuite ignored="0" hostname="Believer" failures="0" tests="5" name="Test" time="82.44" errors="0" timestamp="2021-09-15T19:36:54 IST">
  <testcase classname="BlueStone.FaceBook_Regression_TestCase" name="Valdiate_login_Functionality_Invalid_data" time="5.781"/>
  <testcase classname="BlueStone.FaceBook_Regression_TestCase" name="Valdiate_login_Functionality_Valid_data" time="4.922"/>
  <testcase classname="BlueStone.FaceBook_Regression_TestCase" name="Valdiate_login_Functionality_Blank_data" time="5.963"/>
  <testcase classname="BlueStone.TestDemoApplication_Regression_TestCases" name="basePageNavigation" time="3.794"/>
  <testcase classname="BlueStone.TestDemoApplication_Regression_TestCases" name="basePageNavigation2" time="3.623"/>
</testsuite> <!-- Test -->
