<?xml version="1.0" encoding="UTF-8"?>
<!-- Generated by org.testng.reporters.JUnitXMLReporter -->
<testsuite ignored="0" hostname="Believer" failures="0" tests="6" name="BlueStone" time="87.001" errors="0" timestamp="2021-09-21T14:47:30 IST">
  <testcase classname="BlueStone.FaceBook_Regression_TestCase" name="Validate_user_able_to_Move_Groups" time="0.503"/>
  <testcase classname="BlueStone.FaceBook_Regression_TestCase" name="Valdiate_login_Functionality_Invalid_data" time="8.386"/>
  <testcase classname="BlueStone.FaceBook_Regression_TestCase" name="Valdiate_login_Functionality_Valid_data" time="5.572"/>
  <testcase classname="BlueStone.FaceBook_Regression_TestCase" name="Valdiate_login_Functionality_Blank_data" time="5.583"/>
  <testcase classname="BlueStone.Selenium_Easy_Regression_TestCases" name="Valdiate_user_able_Submit_Simple_Fomr" time="7.359"/>
  <testcase classname="BlueStone.TestDemoApplication_Regression_TestCases" name="Validate_Context_Message" time="1.111"/>
</testsuite> <!-- BlueStone -->
