<?xml version="1.0" encoding="UTF-8"?>
<!-- Generated by org.testng.reporters.JUnitXMLReporter -->
<testsuite ignored="0" hostname="Believer" failures="1" tests="1" name="Test Demo Application" time="10.048" errors="0" timestamp="2021-09-24T07:49:35 IST">
  <testcase classname="BlueStone.TestDemoApplication_Regression_TestCases" name="Validate_Context_Message" time="1.275">
    <failure type="java.lang.AssertionError" message="FAIL-Message does not match with req expected [You selected a right menu] but found [You selected a context menu]">
      <![CDATA[java.lang.AssertionError: FAIL-Message does not match with req expected [You selected a right menu] but found [You selected a context menu]
at BlueStone.TestDemoApplication_Regression_TestCases.Validate_Context_Message(TestDemoApplication_Regression_TestCases.java:54)
at java.base/java.util.ArrayList.forEach(ArrayList.java:1541)
... Removed 32 stack frames]]>
    </failure>
  </testcase> <!-- Validate_Context_Message -->
</testsuite> <!-- Test Demo Application -->
