<?xml version="1.0" encoding="UTF-8"?>
<testng-results ignored="0" total="1" passed="1" failed="0" skipped="0">
  <reporter-output>
  </reporter-output>
  <suite started-at="2022-02-09T11:41:29 IST" name="Default suite" finished-at="2022-02-09T11:41:46 IST" duration-ms="16779">
    <groups>
    </groups>
    <test started-at="2022-02-09T11:41:29 IST" name="Default test" finished-at="2022-02-09T11:41:46 IST" duration-ms="16779">
      <class name="testCases.YourStore_Application_TestCases">
        <test-method is-config="true" signature="Invoke_Browser()[pri:0, instance:testCases.YourStore_Application_TestCases@781f10f2]" started-at="2022-02-09T11:41:29 IST" name="Invoke_Browser" finished-at="2022-02-09T11:41:41 IST" duration-ms="11826" status="PASS">
          <reporter-output>
          </reporter-output>
        </test-method> <!-- Invoke_Browser -->
        <test-method signature="Valdiate_Account_Registration()[pri:0, instance:testCases.YourStore_Application_TestCases@781f10f2]" started-at="2022-02-09T11:41:41 IST" name="Valdiate_Account_Registration" finished-at="2022-02-09T11:41:42 IST" duration-ms="855" status="PASS">
          <reporter-output>
          </reporter-output>
        </test-method> <!-- Valdiate_Account_Registration -->
        <test-method is-config="true" signature="tearDown()[pri:0, instance:testCases.YourStore_Application_TestCases@781f10f2]" started-at="2022-02-09T11:41:42 IST" name="tearDown" finished-at="2022-02-09T11:41:46 IST" duration-ms="4078" status="PASS">
          <reporter-output>
          </reporter-output>
        </test-method> <!-- tearDown -->
      </class> <!-- testCases.YourStore_Application_TestCases -->
    </test> <!-- Default test -->
  </suite> <!-- Default suite -->
</testng-results>
