<?xml version="1.0" encoding="UTF-8"?>
<testng-results ignored="0" total="1" passed="1" failed="0" skipped="0">
  <reporter-output>
  </reporter-output>
  <suite started-at="2022-05-26T11:24:15 IST" name="Default suite" finished-at="2022-05-26T11:24:24 IST" duration-ms="9498">
    <groups>
    </groups>
    <test started-at="2022-05-26T11:24:15 IST" name="Default test" finished-at="2022-05-26T11:24:24 IST" duration-ms="9498">
      <class name="testCases.IPL_ScoreBoard">
        <test-method is-config="true" signature="LaunchApp()[pri:0, instance:testCases.IPL_ScoreBoard@2a79d4b1]" started-at="2022-05-26T11:24:15 IST" name="LaunchApp" finished-at="2022-05-26T11:24:17 IST" duration-ms="2306" status="PASS">
          <reporter-output>
          </reporter-output>
        </test-method> <!-- LaunchApp -->
        <test-method signature="TeamNamePoints()[pri:1, instance:testCases.IPL_ScoreBoard@2a79d4b1]" started-at="2022-05-26T11:24:17 IST" name="TeamNamePoints" finished-at="2022-05-26T11:24:20 IST" duration-ms="3033" status="PASS">
          <reporter-output>
          </reporter-output>
        </test-method> <!-- TeamNamePoints -->
        <test-method is-config="true" signature="tearDown()[pri:0, instance:testCases.IPL_ScoreBoard@2a79d4b1]" started-at="2022-05-26T11:24:20 IST" name="tearDown" finished-at="2022-05-26T11:24:24 IST" duration-ms="4137" status="PASS">
          <reporter-output>
          </reporter-output>
        </test-method> <!-- tearDown -->
      </class> <!-- testCases.IPL_ScoreBoard -->
    </test> <!-- Default test -->
  </suite> <!-- Default suite -->
</testng-results>
